<?xml version="1.0" encoding="UTF-8"?>
<!-- Generated by org.testng.reporters.JUnitReportReporter -->
<testsuite hostname="admin-PC" name="Academy.validateNavigationBar" tests="1" failures="0" timestamp="7 Jun 2020 10:35:46 GMT" time="0.223" errors="0">
  <testcase name="validateAppNavBar" time="0.223" classname="Academy.validateNavigationBar"/>
</testsuite> <!-- Academy.validateNavigationBar -->
