<?xml version="1.0" encoding="UTF-8"?>
<!-- Generated by org.testng.reporters.JUnitReportReporter -->
<testsuite hostname="admin-PC" name="Academy.SnapCart" tests="1" failures="0" timestamp="16 Jun 2020 12:04:33 GMT" time="14.739" errors="0">
  <testcase name="CartSaree" time="14.739" classname="Academy.SnapCart"/>
</testsuite> <!-- Academy.SnapCart -->
