<?xml version="1.0" encoding="UTF-8"?>
<!-- Generated by org.testng.reporters.JUnitReportReporter -->
<testsuite hostname="admin-PC" name="Academy.FirstCryHome" tests="1" failures="0" timestamp="13 Jun 2020 07:44:36 GMT" time="27.406" errors="0">
  <testcase name="SortIteam" time="27.406" classname="Academy.FirstCryHome"/>
</testsuite> <!-- Academy.FirstCryHome -->
